<?xml version="1.0" encoding="UTF-8"?>
<testng-results ignored="0" total="1" passed="1" failed="0" skipped="0">
  <reporter-output>
  </reporter-output>
  <suite started-at="2025-06-14T11:16:52 IST" name="Suite" finished-at="2025-06-14T11:16:59 IST" duration-ms="7132">
    <groups>
    </groups>
    <test started-at="2025-06-14T11:16:52 IST" name="Test" finished-at="2025-06-14T11:16:59 IST" duration-ms="7132">
      <class name="Automation.demo.LoginPage">
        <test-method signature="Browsersetup()[pri:0, instance:Automation.demo.LoginPage@3932c79a]" started-at="2025-06-14T11:16:52 IST" name="Browsersetup" finished-at="2025-06-14T11:16:59 IST" duration-ms="7064" status="PASS">
          <reporter-output>
          </reporter-output>
        </test-method> <!-- Browsersetup -->
      </class> <!-- Automation.demo.LoginPage -->
    </test> <!-- Test -->
  </suite> <!-- Suite -->
</testng-results>
